SF:lib\presentation\screens\temp\file_sorting.dart
DA:3,0
DA:4,0
DA:7,0
DA:8,0
DA:9,0
DA:11,0
DA:14,1
DA:15,1
DA:25,3
DA:27,1
DA:28,2
DA:29,1
DA:30,2
DA:31,1
DA:32,2
DA:33,2
DA:36,2
LF:17
LH:11
end_of_record
SF:lib\startup.dart
DA:37,9
DA:38,3
DA:39,3
DA:40,3
DA:42,3
DA:43,3
DA:44,3
DA:45,3
DA:46,3
DA:48,3
DA:49,12
DA:50,9
DA:52,9
DA:53,9
DA:55,9
DA:59,6
DA:60,9
DA:63,0
DA:65,9
DA:67,9
DA:69,6
DA:70,3
DA:71,3
DA:80,0
DA:82,12
DA:84,9
DA:89,6
DA:90,6
DA:92,12
DA:94,12
DA:96,12
DA:99,6
DA:100,6
DA:101,6
DA:102,6
DA:104,6
DA:106,6
DA:108,6
DA:110,6
DA:111,6
DA:114,6
DA:118,6
DA:119,3
DA:123,6
DA:124,3
DA:129,6
DA:130,3
DA:133,6
DA:134,3
DA:137,6
DA:138,3
DA:141,6
DA:142,3
DA:145,6
DA:146,3
DA:152,3
DA:153,3
DA:157,0
DA:161,0
DA:165,0
DA:169,0
DA:177,0
DA:180,3
DA:182,18
DA:183,0
DA:185,9
DA:186,12
DA:187,12
DA:188,12
DA:189,12
DA:191,6
DA:192,6
DA:193,6
DA:195,6
DA:197,6
DA:199,6
DA:201,2
DA:203,6
DA:205,6
LF:79
LH:71
end_of_record
SF:lib\core\inodes\data_category_repo.dart
DA:11,3
DA:12,12
DA:15,3
DA:17,0
DA:18,0
DA:19,0
DA:20,0
DA:21,0
DA:23,0
DA:24,0
DA:25,0
DA:26,0
DA:29,0
DA:30,0
DA:33,0
DA:34,0
DA:35,0
DA:36,0
DA:37,0
DA:38,0
DA:40,0
DA:43,0
DA:44,0
DA:47,0
DA:48,0
DA:49,0
DA:50,0
DA:53,0
DA:55,0
DA:56,0
DA:57,0
DA:60,1
DA:66,1
DA:69,2
DA:70,1
DA:71,4
DA:72,1
DA:73,1
DA:76,2
DA:77,0
DA:78,0
DA:79,0
DA:80,0
DA:81,1
DA:82,3
DA:83,1
DA:84,1
DA:88,1
DA:89,4
DA:93,0
DA:95,0
DA:96,0
DA:97,0
DA:98,0
DA:99,0
DA:103,0
DA:105,0
DA:110,0
DA:111,0
DA:112,0
DA:113,0
DA:116,0
DA:123,0
DA:126,0
DA:127,0
LF:65
LH:17
end_of_record
SF:lib\core\inodes\datapoint_name_repo.dart
DA:9,3
DA:10,12
DA:13,0
DA:15,0
DA:19,0
DA:20,0
DA:22,0
DA:24,0
DA:25,0
DA:28,0
DA:30,0
DA:32,0
DA:35,0
DA:38,0
DA:41,0
DA:42,0
LF:16
LH:2
end_of_record
SF:lib\core\inodes\datapoint_repo.dart
DA:13,3
DA:14,12
DA:17,0
DA:18,0
DA:19,0
DA:20,0
DA:22,0
DA:23,0
DA:24,0
DA:25,0
DA:26,0
DA:28,0
DA:29,0
DA:31,0
DA:32,0
DA:33,0
DA:36,0
DA:38,0
DA:39,0
DA:40,0
DA:42,0
DA:44,0
DA:45,0
DA:48,0
DA:49,0
DA:50,0
DA:62,1
DA:63,4
DA:66,1
DA:68,1
DA:71,0
DA:76,0
DA:81,0
DA:83,0
DA:86,0
DA:88,0
LF:36
LH:6
end_of_record
SF:lib\core\inodes\profile_document.dart
DA:17,2
LF:1
LH:1
end_of_record
SF:lib\core\inodes\service_document.dart
DA:13,3
LF:1
LH:1
end_of_record
SF:lib\core\inodes\tree_nodes.dart
DA:41,1
DA:44,2
DA:47,6
DA:48,1
DA:49,2
DA:52,2
DA:53,4
DA:54,2
DA:55,1
DA:63,2
DA:70,4
DA:71,4
DA:72,4
DA:73,4
DA:74,4
DA:76,2
DA:77,4
DA:78,3
DA:80,4
DA:83,2
DA:87,2
DA:89,2
DA:90,2
DA:91,4
DA:92,2
DA:93,2
DA:94,2
DA:95,1
DA:96,2
DA:97,2
DA:100,2
DA:101,4
DA:102,2
DA:103,2
DA:104,1
DA:105,2
DA:106,2
DA:109,2
DA:110,4
DA:111,2
DA:112,2
DA:113,0
DA:114,0
DA:115,0
DA:118,0
DA:119,0
DA:120,0
DA:121,2
DA:122,1
DA:123,2
DA:124,2
DA:127,2
DA:128,4
DA:129,2
DA:131,4
DA:134,4
DA:138,2
DA:139,3
DA:140,1
DA:145,2
DA:148,0
DA:150,0
DA:151,0
DA:152,0
DA:153,0
DA:155,0
DA:156,0
DA:157,0
DA:160,0
DA:162,0
DA:163,0
DA:164,0
DA:166,0
DA:168,0
DA:169,0
DA:172,6
DA:192,2
DA:217,3
DA:225,3
DA:226,6
DA:229,2
DA:230,8
DA:231,2
DA:236,3
DA:303,2
DA:304,2
LF:86
LH:65
end_of_record
SF:lib\core\inodes\tree_parser.dart
DA:31,3
DA:42,0
DA:44,0
DA:45,0
DA:48,0
DA:49,0
DA:50,0
DA:51,0
DA:53,0
DA:54,0
DA:55,0
DA:60,0
DA:63,0
DA:64,0
DA:66,0
DA:67,0
DA:68,0
DA:71,0
DA:74,0
DA:76,0
DA:81,0
DA:83,0
DA:86,0
DA:87,0
DA:88,0
DA:89,0
DA:90,0
DA:91,0
DA:98,0
DA:99,0
DA:100,0
DA:101,0
DA:102,0
DA:104,0
DA:105,0
DA:107,0
DA:108,0
DA:114,0
DA:115,0
DA:117,0
DA:122,1
DA:124,1
DA:126,0
DA:127,0
DA:128,0
DA:131,2
DA:132,3
DA:133,3
DA:134,1
DA:135,2
DA:136,1
DA:137,1
DA:139,1
DA:140,2
DA:141,2
DA:144,0
DA:149,0
DA:154,1
DA:156,2
DA:158,3
DA:159,1
DA:160,5
DA:165,1
DA:166,3
DA:167,1
DA:170,2
DA:172,4
DA:175,1
DA:176,2
DA:179,5
DA:183,1
DA:184,1
DA:185,5
DA:188,1
DA:189,0
DA:193,0
DA:194,0
DA:197,0
DA:198,0
DA:200,0
DA:205,1
DA:206,1
DA:207,2
DA:208,1
DA:210,1
DA:211,1
DA:214,1
DA:215,1
DA:220,1
DA:223,2
DA:226,1
DA:231,0
DA:232,0
DA:233,0
DA:234,0
DA:235,0
DA:237,0
DA:238,0
DA:239,0
DA:240,0
DA:242,0
DA:251,1
DA:252,1
DA:257,1
DA:260,1
DA:261,1
DA:262,1
DA:265,2
DA:266,2
DA:271,1
DA:272,1
DA:277,1
DA:279,2
DA:282,2
DA:283,6
DA:287,1
DA:288,2
DA:289,1
DA:292,2
DA:296,1
DA:297,2
DA:299,1
DA:300,4
DA:302,4
DA:304,1
DA:308,1
DA:309,1
DA:313,1
DA:315,1
DA:316,1
DA:318,1
DA:319,1
DA:322,1
DA:323,1
DA:324,1
DA:327,1
DA:328,1
DA:329,2
DA:330,2
DA:331,1
DA:332,1
DA:334,1
DA:337,1
DA:342,1
DA:343,1
DA:344,1
DA:346,1
DA:347,0
DA:350,1
DA:351,2
DA:352,2
DA:353,1
DA:356,1
DA:357,1
DA:359,2
DA:360,1
DA:361,1
DA:363,1
DA:364,3
DA:365,3
DA:368,2
DA:369,1
DA:375,1
DA:376,1
DA:377,2
DA:379,0
DA:383,2
DA:393,1
DA:394,3
DA:395,0
DA:397,1
LF:171
LH:108
end_of_record
SF:lib\core\models\misc\service_model.dart
DA:12,0
DA:17,0
DA:18,0
DA:19,0
DA:20,0
DA:21,0
DA:22,0
DA:24,0
DA:25,0
LF:9
LH:0
end_of_record
SF:lib\core\models\profile\profile_model.dart
DA:35,0
DA:63,0
DA:65,0
DA:66,0
DA:67,0
DA:69,0
DA:70,0
DA:71,0
DA:73,0
DA:74,0
DA:75,0
DA:77,0
DA:81,0
DA:86,0
DA:88,0
DA:90,0
DA:92,0
DA:94,0
DA:96,0
DA:97,0
DA:98,0
DA:99,0
DA:100,0
DA:101,0
DA:104,0
DA:105,0
DA:106,0
DA:108,0
DA:109,0
DA:110,0
DA:112,0
DA:113,0
DA:114,0
DA:117,0
DA:118,0
DA:119,0
DA:120,0
DA:122,0
DA:123,0
DA:124,0
DA:125,0
DA:129,0
DA:130,0
DA:135,0
DA:136,0
DA:138,0
DA:139,0
DA:145,0
DA:147,0
DA:148,0
DA:149,0
DA:152,0
DA:153,0
DA:155,0
DA:156,0
DA:157,0
DA:158,0
DA:160,0
DA:161,0
DA:165,0
DA:167,0
DA:171,0
DA:172,0
DA:173,0
DA:175,0
DA:176,0
DA:179,0
DA:180,0
DA:181,0
DA:182,0
DA:183,0
DA:186,0
DA:187,0
DA:191,0
DA:193,0
DA:196,0
DA:198,0
DA:206,0
DA:207,0
DA:210,0
DA:212,0
LF:81
LH:0
end_of_record
SF:lib\data\configs\objectbox.dart
DA:12,3
DA:14,6
DA:15,6
DA:16,3
DA:17,3
DA:20,6
DA:21,6
DA:22,3
DA:24,3
DA:25,3
DA:33,3
DA:41,3
DA:43,3
DA:44,3
DA:49,3
DA:57,3
DA:59,3
DA:60,3
DA:63,3
DA:66,3
DA:68,3
DA:69,3
DA:82,3
DA:91,3
DA:93,3
DA:94,3
DA:97,3
DA:102,3
DA:104,3
DA:105,3
DA:109,3
DA:114,3
DA:116,3
DA:117,3
DA:124,3
DA:130,3
DA:132,3
DA:133,3
DA:136,3
DA:139,3
DA:141,3
DA:142,3
DA:146,3
DA:151,3
DA:153,3
DA:154,3
DA:158,3
DA:161,3
DA:163,3
DA:164,3
DA:167,3
DA:172,3
DA:174,3
DA:175,3
DA:179,3
DA:185,3
DA:187,3
DA:188,3
DA:191,3
DA:198,3
DA:200,3
DA:201,3
DA:204,3
DA:209,3
DA:211,3
DA:212,3
DA:215,3
DA:221,3
DA:223,3
DA:224,3
DA:228,3
DA:233,3
DA:235,3
DA:236,3
DA:239,3
DA:244,3
DA:246,3
DA:247,3
DA:250,3
DA:255,3
DA:257,3
DA:260,3
DA:261,3
DA:262,9
DA:263,3
DA:264,3
DA:266,3
DA:269,3
DA:270,9
DA:273,3
DA:274,3
DA:275,9
DA:276,3
DA:277,3
DA:279,3
DA:282,3
DA:283,9
DA:287,3
DA:288,6
DA:289,3
DA:292,0
DA:294,0
DA:295,0
DA:296,0
LF:104
LH:100
end_of_record
SF:lib\data\configs\objectbox.g.dart
DA:28,3
DA:29,3
DA:34,3
DA:35,3
DA:40,3
DA:46,3
DA:47,3
DA:48,3
DA:53,3
DA:54,3
DA:59,3
DA:64,3
DA:69,3
DA:74,3
DA:81,3
DA:87,3
DA:88,3
DA:89,3
DA:94,3
DA:99,3
DA:100,3
DA:105,3
DA:112,3
DA:117,3
DA:124,3
DA:131,3
DA:136,3
DA:141,3
DA:146,3
DA:152,3
DA:153,3
DA:157,3
DA:161,3
DA:165,3
DA:170,3
DA:171,3
DA:176,3
DA:177,3
DA:182,3
DA:187,3
DA:192,3
DA:199,3
DA:206,3
DA:214,3
DA:215,3
DA:220,3
DA:221,3
DA:226,3
DA:231,3
DA:232,3
DA:237,3
DA:242,3
DA:247,3
DA:254,3
DA:259,3
DA:265,3
DA:266,3
DA:270,3
DA:275,3
DA:276,3
DA:281,3
DA:282,3
DA:287,3
DA:292,3
DA:298,3
DA:304,3
DA:305,3
DA:306,3
DA:311,3
DA:312,3
DA:317,3
DA:322,3
DA:327,3
DA:332,3
DA:337,3
DA:344,3
DA:351,3
DA:359,3
DA:360,3
DA:361,3
DA:366,3
DA:367,3
DA:372,3
DA:377,3
DA:382,3
DA:389,3
DA:394,3
DA:400,3
DA:401,3
DA:406,3
DA:407,3
DA:412,3
DA:413,3
DA:418,3
DA:423,3
DA:428,3
DA:433,3
DA:438,3
DA:445,3
DA:452,3
DA:460,3
DA:461,3
DA:462,3
DA:467,3
DA:468,3
DA:473,3
DA:478,3
DA:483,3
DA:488,3
DA:495,3
DA:502,3
DA:510,3
DA:511,3
DA:512,3
DA:517,3
DA:518,3
DA:523,3
DA:528,3
DA:533,3
DA:540,3
DA:545,3
DA:551,3
DA:552,3
DA:557,3
DA:558,3
DA:563,3
DA:564,3
DA:569,3
DA:574,3
DA:581,3
DA:589,3
DA:590,3
DA:594,3
DA:599,3
DA:600,3
DA:605,3
DA:606,3
DA:611,3
DA:616,3
DA:622,3
DA:623,3
DA:624,3
DA:629,3
DA:630,3
DA:635,3
DA:641,3
DA:646,3
DA:651,3
DA:657,3
DA:658,3
DA:659,3
DA:664,3
DA:665,3
DA:670,3
DA:676,3
DA:681,3
DA:687,3
DA:688,3
DA:689,3
DA:694,3
DA:695,3
DA:700,3
DA:705,3
DA:710,3
DA:715,3
DA:720,3
DA:727,3
DA:734,3
DA:742,3
DA:743,3
DA:744,3
DA:749,3
DA:750,3
DA:755,3
DA:761,3
DA:766,3
DA:771,3
DA:777,3
DA:778,3
DA:783,3
DA:787,3
DA:794,6
DA:795,0
DA:803,0
DA:804,3
DA:805,3
DA:827,3
DA:828,3
DA:829,6
DA:830,0
DA:831,0
DA:832,0
DA:833,3
DA:834,3
DA:836,3
DA:837,3
DA:838,6
DA:839,6
DA:840,6
DA:841,3
DA:843,1
DA:844,1
DA:845,1
DA:847,1
DA:848,1
DA:849,1
DA:853,3
DA:854,6
DA:855,9
DA:856,6
DA:857,6
DA:858,0
DA:859,3
DA:861,4
DA:862,3
DA:863,3
DA:865,3
DA:866,3
DA:867,3
DA:868,6
DA:869,3
DA:870,3
DA:871,3
DA:872,6
DA:873,3
DA:874,3
DA:875,6
DA:876,6
DA:877,3
DA:878,3
DA:879,9
DA:880,6
DA:881,6
DA:882,3
DA:884,2
DA:885,2
DA:886,2
DA:888,2
DA:889,2
DA:890,2
DA:894,4
DA:898,4
DA:899,2
DA:900,2
DA:901,4
DA:902,2
DA:903,4
DA:904,2
DA:905,2
DA:907,4
DA:908,4
DA:909,2
DA:912,3
DA:913,6
DA:914,2
DA:915,8
DA:916,4
DA:917,6
DA:918,6
DA:919,6
DA:920,6
DA:922,4
DA:923,2
DA:924,2
DA:926,2
DA:927,4
DA:928,4
DA:929,4
DA:930,2
DA:931,4
DA:932,2
DA:933,4
DA:934,6
DA:935,2
DA:936,6
DA:937,6
DA:938,2
DA:939,2
DA:940,8
DA:941,4
DA:942,4
DA:943,2
DA:945,1
DA:946,1
DA:947,1
DA:949,1
DA:950,1
DA:951,1
DA:952,1
DA:953,1
DA:956,2
DA:957,1
DA:958,1
DA:959,2
DA:960,2
DA:962,1
DA:963,1
DA:964,1
DA:965,2
DA:966,1
DA:967,2
DA:968,2
DA:969,1
DA:970,2
DA:971,2
DA:972,1
DA:973,2
DA:974,2
DA:975,3
DA:976,2
DA:977,3
DA:978,2
DA:979,3
DA:980,2
DA:981,3
DA:984,3
DA:985,6
DA:986,2
DA:987,8
DA:988,4
DA:989,6
DA:990,4
DA:991,4
DA:992,2
DA:994,4
DA:995,2
DA:996,2
DA:998,2
DA:999,4
DA:1000,2
DA:1001,4
DA:1002,4
DA:1003,2
DA:1004,6
DA:1005,6
DA:1006,6
DA:1007,4
DA:1008,2
DA:1010,0
DA:1011,0
DA:1012,0
DA:1014,0
DA:1015,0
DA:1016,0
DA:1018,0
DA:1019,0
DA:1020,0
DA:1021,0
DA:1022,0
DA:1023,0
DA:1024,0
DA:1025,0
DA:1026,0
DA:1027,0
DA:1028,0
DA:1029,0
DA:1031,0
DA:1032,0
DA:1033,0
DA:1034,0
DA:1036,0
DA:1037,0
DA:1038,0
DA:1041,3
DA:1042,6
DA:1043,3
DA:1044,2
DA:1045,3
DA:1046,3
DA:1048,2
DA:1049,1
DA:1050,1
DA:1052,1
DA:1053,2
DA:1054,2
DA:1055,1
DA:1056,2
DA:1057,2
DA:1058,2
DA:1059,3
DA:1060,1
DA:1061,1
DA:1062,2
DA:1063,1
DA:1065,1
DA:1066,1
DA:1067,1
DA:1069,1
DA:1070,1
DA:1071,1
DA:1072,1
DA:1073,1
DA:1074,1
DA:1075,1
DA:1076,1
DA:1077,2
DA:1078,1
DA:1079,2
DA:1080,2
DA:1081,3
DA:1082,2
DA:1083,3
DA:1086,3
DA:1087,6
DA:1088,0
DA:1089,0
DA:1090,0
DA:1091,0
DA:1092,0
DA:1094,0
DA:1095,0
DA:1096,0
DA:1097,0
DA:1098,0
DA:1099,0
DA:1100,0
DA:1101,0
DA:1102,0
DA:1103,0
DA:1105,0
DA:1106,0
DA:1107,0
DA:1109,0
DA:1110,0
DA:1112,0
DA:1114,0
DA:1116,0
DA:1120,3
DA:1121,6
DA:1122,0
DA:1123,0
DA:1124,0
DA:1125,0
DA:1126,0
DA:1127,0
DA:1129,0
DA:1130,0
DA:1131,0
DA:1132,0
DA:1133,0
DA:1135,0
DA:1136,0
DA:1137,0
DA:1138,0
DA:1139,0
DA:1140,0
DA:1141,0
DA:1142,0
DA:1143,0
DA:1144,0
DA:1145,0
DA:1146,0
DA:1148,0
DA:1149,0
DA:1150,0
DA:1152,0
DA:1153,0
DA:1155,0
DA:1157,0
DA:1159,0
DA:1161,0
DA:1162,0
DA:1163,0
DA:1164,0
DA:1165,0
DA:1166,0
DA:1167,0
DA:1168,0
DA:1169,0
DA:1170,0
DA:1173,3
DA:1174,6
DA:1175,3
DA:1176,1
DA:1177,4
DA:1178,2
DA:1179,1
DA:1180,1
DA:1182,1
DA:1183,2
DA:1184,2
DA:1185,1
DA:1186,2
DA:1187,2
DA:1188,2
DA:1189,3
DA:1190,1
DA:1191,1
DA:1192,2
DA:1193,1
DA:1195,1
DA:1196,1
DA:1197,1
DA:1199,1
DA:1200,1
DA:1201,1
DA:1202,1
DA:1203,1
DA:1204,1
DA:1205,1
DA:1206,1
DA:1207,2
DA:1208,1
DA:1209,2
DA:1210,1
DA:1211,1
DA:1213,2
DA:1214,1
DA:1217,3
DA:1218,6
DA:1219,1
DA:1220,4
DA:1221,0
DA:1222,2
DA:1223,1
DA:1224,1
DA:1226,1
DA:1227,2
DA:1228,2
DA:1229,2
DA:1230,1
DA:1232,0
DA:1233,0
DA:1234,0
DA:1235,1
DA:1236,2
DA:1237,1
DA:1238,1
DA:1239,1
DA:1240,1
DA:1241,3
DA:1242,3
DA:1243,3
DA:1244,2
DA:1245,1
DA:1247,0
DA:1248,0
DA:1249,0
DA:1251,0
DA:1252,0
DA:1254,0
DA:1256,0
DA:1258,0
DA:1259,0
DA:1262,0
DA:1263,0
DA:1264,0
DA:1265,0
DA:1266,0
DA:1267,0
DA:1268,0
DA:1269,0
DA:1270,0
DA:1271,0
DA:1274,3
DA:1275,6
DA:1276,1
DA:1277,4
DA:1278,0
DA:1279,2
DA:1280,1
DA:1281,1
DA:1283,1
DA:1284,2
DA:1285,2
DA:1286,1
DA:1288,2
DA:1289,1
DA:1290,2
DA:1291,1
DA:1292,1
DA:1293,1
DA:1294,3
DA:1295,3
DA:1296,3
DA:1297,2
DA:1298,1
DA:1300,0
DA:1301,0
DA:1302,0
DA:1304,0
DA:1305,0
DA:1307,0
DA:1309,0
DA:1311,0
DA:1312,0
DA:1313,0
DA:1314,0
DA:1315,0
DA:1316,0
DA:1317,0
DA:1318,0
DA:1319,0
DA:1320,0
DA:1323,3
DA:1324,6
DA:1325,3
DA:1326,1
DA:1327,4
DA:1328,2
DA:1329,1
DA:1330,1
DA:1332,1
DA:1333,2
DA:1334,2
DA:1335,1
DA:1336,2
DA:1337,2
DA:1338,2
DA:1339,3
DA:1340,1
DA:1341,1
DA:1342,2
DA:1343,1
DA:1345,1
DA:1346,1
DA:1347,1
DA:1349,1
DA:1350,1
DA:1351,1
DA:1352,1
DA:1353,1
DA:1354,1
DA:1355,1
DA:1356,1
DA:1357,2
DA:1358,1
DA:1359,2
DA:1360,1
DA:1361,1
DA:1363,2
DA:1364,1
DA:1367,3
DA:1368,6
DA:1369,2
DA:1370,6
DA:1371,4
DA:1372,6
DA:1373,6
DA:1375,4
DA:1376,2
DA:1377,2
DA:1379,2
DA:1380,4
DA:1381,2
DA:1382,4
DA:1383,2
DA:1384,6
DA:1385,6
DA:1386,4
DA:1387,2
DA:1389,1
DA:1390,1
DA:1391,1
DA:1393,1
DA:1394,1
DA:1396,1
DA:1397,2
DA:1398,1
DA:1399,2
DA:1400,2
DA:1401,1
DA:1402,2
DA:1403,1
DA:1404,1
DA:1406,2
DA:1407,1
DA:1408,1
DA:1409,1
DA:1411,2
DA:1412,1
DA:1415,3
DA:1416,6
DA:1417,0
DA:1418,0
DA:1419,0
DA:1420,0
DA:1421,0
DA:1423,0
DA:1424,0
DA:1425,0
DA:1426,0
DA:1427,0
DA:1428,0
DA:1429,0
DA:1430,0
DA:1431,0
DA:1433,0
DA:1434,0
DA:1435,0
DA:1437,0
DA:1438,0
DA:1440,0
DA:1442,0
DA:1446,3
DA:1447,6
DA:1448,0
DA:1449,0
DA:1450,0
DA:1451,3
DA:1452,3
DA:1454,3
DA:1455,6
DA:1456,6
DA:1457,6
DA:1458,3
DA:1459,6
DA:1460,3
DA:1461,3
DA:1462,3
DA:1463,6
DA:1464,6
DA:1465,3
DA:1467,1
DA:1468,1
DA:1469,1
DA:1471,1
DA:1472,1
DA:1474,1
DA:1476,1
DA:1478,1
DA:1480,1
DA:1484,3
DA:1485,6
DA:1486,0
DA:1487,0
DA:1488,0
DA:1489,0
DA:1490,0
DA:1492,0
DA:1493,0
DA:1494,0
DA:1495,0
DA:1496,0
DA:1497,0
DA:1498,0
DA:1499,0
DA:1500,0
DA:1501,0
DA:1502,0
DA:1504,0
DA:1505,0
DA:1506,0
DA:1508,0
DA:1509,0
DA:1511,0
DA:1513,0
DA:1515,0
DA:1519,3
DA:1520,6
DA:1521,1
DA:1522,4
DA:1523,0
DA:1524,2
DA:1525,1
DA:1526,1
DA:1528,1
DA:1529,2
DA:1530,2
DA:1531,2
DA:1532,1
DA:1534,0
DA:1535,1
DA:1536,2
DA:1537,1
DA:1538,1
DA:1539,1
DA:1540,1
DA:1541,3
DA:1542,3
DA:1543,3
DA:1544,2
DA:1545,1
DA:1547,0
DA:1548,0
DA:1549,0
DA:1551,0
DA:1552,0
DA:1554,0
DA:1556,0
DA:1558,0
DA:1560,0
DA:1561,0
DA:1562,0
DA:1563,0
DA:1564,0
DA:1565,0
DA:1566,0
DA:1567,0
DA:1568,0
DA:1569,0
DA:1572,3
DA:1573,6
DA:1574,0
DA:1575,1
DA:1576,4
DA:1577,0
DA:1578,1
DA:1579,1
DA:1581,1
DA:1582,2
DA:1583,2
DA:1584,1
DA:1585,2
DA:1586,2
DA:1587,2
DA:1588,1
DA:1589,1
DA:1590,2
DA:1591,1
DA:1593,1
DA:1594,1
DA:1595,1
DA:1597,1
DA:1598,1
DA:1599,1
DA:1600,1
DA:1601,1
DA:1602,1
DA:1603,1
DA:1604,1
DA:1605,1
DA:1606,1
DA:1608,2
DA:1609,1
DA:1614,3
DA:1620,0
DA:1621,0
DA:1624,0
DA:1625,0
DA:1631,0
DA:1632,0
DA:1635,0
DA:1636,0
DA:1639,0
DA:1640,0
DA:1643,2
DA:1644,5
DA:1647,0
DA:1648,0
DA:1651,4
DA:1652,10
DA:1658,0
DA:1661,0
DA:1662,0
DA:1665,0
DA:1666,0
DA:1669,0
DA:1670,0
DA:1673,0
DA:1674,0
DA:1677,0
DA:1678,0
DA:1681,0
DA:1682,0
DA:1685,0
DA:1686,0
DA:1689,2
DA:1690,5
DA:1693,0
DA:1694,0
DA:1697,0
DA:1698,0
DA:1701,0
DA:1702,0
DA:1705,0
DA:1706,0
DA:1712,0
DA:1713,0
DA:1716,0
DA:1717,0
DA:1720,0
DA:1721,0
DA:1724,0
DA:1725,0
DA:1728,0
DA:1729,0
DA:1732,0
DA:1733,0
DA:1736,0
DA:1737,0
DA:1743,0
DA:1746,0
DA:1747,0
DA:1750,0
DA:1751,0
DA:1754,0
DA:1755,0
DA:1758,0
DA:1759,0
DA:1762,0
DA:1763,0
DA:1766,0
DA:1767,0
DA:1770,0
DA:1771,0
DA:1777,0
DA:1778,0
DA:1781,0
DA:1782,0
DA:1785,0
DA:1786,0
DA:1789,0
DA:1790,0
DA:1796,0
DA:1797,0
DA:1800,0
DA:1801,0
DA:1804,0
DA:1805,0
DA:1808,0
DA:1809,0
DA:1812,0
DA:1813,0
DA:1816,0
DA:1817,0
DA:1820,0
DA:1821,0
DA:1824,0
DA:1825,0
DA:1831,0
DA:1832,0
DA:1835,0
DA:1836,0
DA:1839,0
DA:1840,0
DA:1843,0
DA:1844,0
DA:1847,0
DA:1848,0
DA:1851,0
DA:1852,0
DA:1855,0
DA:1856,0
DA:1862,0
DA:1863,0
DA:1866,0
DA:1867,0
DA:1870,0
DA:1871,0
DA:1874,0
DA:1875,0
DA:1878,0
DA:1879,0
DA:1882,0
DA:1883,0
DA:1886,0
DA:1887,0
DA:1890,0
DA:1891,0
DA:1897,0
DA:1898,0
DA:1901,0
DA:1902,0
DA:1905,0
DA:1906,0
DA:1909,0
DA:1910,0
DA:1913,0
DA:1914,0
DA:1917,0
DA:1918,0
DA:1921,0
DA:1922,0
DA:1928,0
DA:1929,0
DA:1932,0
DA:1933,0
DA:1936,0
DA:1937,0
DA:1940,0
DA:1941,0
DA:1944,0
DA:1945,0
DA:1948,0
DA:1949,0
DA:1952,0
DA:1953,0
DA:1959,0
DA:1960,0
DA:1963,0
DA:1964,0
DA:1967,0
DA:1968,0
DA:1971,0
DA:1972,0
DA:1973,0
DA:1976,0
DA:1977,0
DA:1980,0
DA:1981,0
DA:1987,0
DA:1988,0
DA:1991,0
DA:1992,0
DA:1995,0
DA:1996,0
DA:2002,0
DA:2003,0
DA:2006,6
DA:2007,15
DA:2010,0
DA:2011,0
DA:2014,0
DA:2015,0
DA:2018,0
DA:2019,0
DA:2025,0
DA:2026,0
DA:2029,0
DA:2030,0
DA:2033,0
DA:2034,0
DA:2037,0
DA:2038,0
DA:2044,0
DA:2045,0
DA:2048,0
DA:2049,0
DA:2052,0
DA:2053,0
DA:2056,0
DA:2057,0
DA:2060,0
DA:2061,0
DA:2064,0
DA:2065,0
DA:2068,0
DA:2069,0
DA:2072,0
DA:2073,0
DA:2079,0
DA:2080,0
DA:2083,2
DA:2084,5
DA:2087,0
DA:2088,0
DA:2091,0
DA:2092,0
DA:2095,0
DA:2096,0
DA:2099,0
DA:2100,0
LF:1043
LH:630
end_of_record
SF:lib\assets\assets_helper.dart
DA:6,3
DA:8,3
DA:9,3
DA:10,9
DA:16,3
LF:5
LH:5
end_of_record
SF:lib\configs\exceptions\ai_exception.dart
DA:8,0
LF:1
LH:0
end_of_record
SF:lib\configs\globals\app_logger.dart
DA:13,0
DA:14,0
DA:17,0
DA:18,0
DA:27,3
DA:28,9
DA:29,9
DA:32,0
DA:35,12
DA:36,6
DA:37,21
DA:42,0
DA:43,0
DA:50,0
DA:51,0
DA:52,0
DA:53,0
LF:17
LH:6
end_of_record
SF:lib\core\base_worker\package_models.dart
DA:8,0
DA:13,0
LF:2
LH:0
end_of_record
SF:lib\configs\globals\os_enum.dart
DA:1,3
LF:1
LH:1
end_of_record
SF:lib\configs\globals\globals.dart
DA:11,0
LF:1
LH:0
end_of_record
SF:lib\configs\globals\helper\performance_helper.dart
DA:14,3
DA:19,6
DA:20,3
DA:25,0
DA:26,0
DA:28,0
DA:30,0
DA:31,0
DA:36,0
DA:37,0
DA:40,0
DA:41,0
DA:42,0
DA:45,0
DA:46,0
DA:49,0
DA:50,0
DA:53,0
DA:54,0
DA:57,0
DA:58,0
DA:59,0
DA:61,0
DA:71,0
DA:72,0
DA:73,0
DA:74,0
DA:77,0
DA:80,0
DA:83,0
DA:87,0
DA:88,0
DA:89,0
DA:90,0
DA:91,0
DA:96,0
DA:97,0
DA:99,0
DA:102,0
DA:103,0
DA:104,0
DA:105,0
DA:106,0
DA:107,0
DA:118,3
DA:125,0
DA:127,3
DA:131,0
DA:133,6
DA:137,0
DA:139,6
DA:143,0
DA:144,0
DA:145,0
DA:146,0
DA:147,0
DA:148,0
DA:149,0
LF:58
LH:7
end_of_record
SF:lib\configs\globals\media_extensions.dart
DA:4,6
DA:5,6
DA:6,6
DA:8,2
DA:9,4
DA:12,2
DA:13,4
DA:16,2
DA:17,2
DA:20,2
DA:24,2
DA:25,4
DA:28,1
DA:29,2
DA:32,0
DA:33,0
DA:35,0
DA:37,0
DA:39,0
DA:46,2
DA:47,4
DA:55,3
LF:22
LH:17
end_of_record
SF:lib\core\models\media\image_model.dart
DA:14,0
DA:24,0
DA:26,0
DA:27,0
DA:29,0
DA:30,0
DA:34,0
DA:35,0
DA:36,0
DA:37,0
DA:38,0
DA:41,0
DA:46,0
DA:48,0
DA:51,0
DA:54,0
LF:16
LH:0
end_of_record
SF:lib\core\models\timeline\time_models.dart
DA:15,1
DA:20,1
DA:26,1
DA:32,1
DA:37,1
DA:43,1
DA:49,1
DA:54,1
DA:61,1
DA:72,1
DA:79,1
LF:11
LH:11
end_of_record
SF:lib\core\ai\image_classifier.dart
DA:37,0
DA:39,0
DA:40,0
DA:45,3
DA:47,9
DA:49,6
DA:50,3
DA:51,3
DA:56,3
DA:64,3
DA:67,3
DA:68,15
DA:70,6
DA:71,6
DA:72,6
DA:73,6
DA:74,9
DA:75,9
DA:78,12
DA:79,12
DA:80,12
DA:81,12
DA:83,12
DA:84,15
DA:87,3
DA:88,12
DA:90,12
DA:95,0
DA:96,0
DA:98,0
DA:99,0
DA:100,0
DA:101,0
DA:102,0
DA:103,0
DA:106,0
DA:107,0
DA:110,0
DA:111,0
DA:112,0
DA:115,0
DA:117,0
DA:120,0
DA:121,0
DA:122,0
DA:124,0
DA:127,0
DA:128,0
DA:129,0
DA:131,0
DA:133,0
DA:134,0
DA:138,0
DA:144,0
DA:145,0
DA:146,0
DA:151,0
DA:152,0
DA:153,0
DA:154,0
LF:60
LH:24
end_of_record
SF:lib\core\ai\image_classifier_mobilenetv3.dart
DA:8,3
DA:9,3
DA:10,6
DA:12,3
DA:13,3
DA:15,3
DA:16,3
DA:17,3
LF:8
LH:8
end_of_record
SF:lib\core\ai\sentiment_classifier.dart
DA:29,3
DA:31,3
DA:32,3
DA:37,3
DA:38,3
DA:41,3
DA:43,12
DA:46,3
DA:47,12
DA:48,3
DA:49,3
DA:50,9
DA:51,9
DA:52,12
DA:54,3
DA:57,0
DA:60,0
DA:63,0
DA:67,0
DA:69,0
DA:72,0
DA:74,0
DA:77,0
DA:80,0
DA:81,0
DA:85,0
DA:86,0
DA:89,0
DA:90,0
DA:91,0
DA:95,0
DA:98,0
DA:100,0
LF:33
LH:15
end_of_record
SF:lib\core\ai\sentiment_classifier_textClassification.dart
DA:8,3
DA:9,3
DA:10,3
DA:11,3
DA:12,3
DA:16,3
DA:17,3
LF:7
LH:7
end_of_record
SF:lib\core\inodes\buckets_repo.dart
DA:35,3
DA:36,12
DA:37,12
DA:38,12
DA:39,12
DA:40,12
DA:44,1
DA:45,1
DA:47,2
DA:50,2
DA:51,1
DA:52,3
DA:53,1
DA:55,1
DA:57,3
DA:58,1
DA:60,1
DA:61,2
DA:62,2
DA:64,2
DA:65,1
DA:68,1
DA:69,1
DA:70,1
DA:71,1
DA:73,4
DA:76,4
DA:77,1
DA:80,5
DA:83,1
DA:84,4
DA:85,1
DA:88,5
DA:90,1
DA:91,4
DA:92,1
DA:93,2
DA:96,5
DA:98,1
DA:99,4
DA:100,1
DA:101,2
DA:103,1
DA:104,2
DA:105,2
DA:106,2
DA:108,2
DA:111,1
DA:112,2
DA:113,2
DA:114,2
DA:116,1
DA:117,2
DA:118,2
DA:119,2
DA:122,2
DA:123,2
DA:126,1
DA:127,2
DA:128,2
DA:130,1
DA:131,2
DA:132,2
DA:133,2
DA:135,1
DA:136,2
DA:137,2
DA:138,2
DA:141,2
DA:142,2
DA:143,2
DA:148,1
DA:149,2
DA:150,2
DA:152,1
DA:153,2
DA:154,2
DA:156,1
DA:157,2
DA:158,2
DA:159,2
DA:161,1
DA:162,2
DA:163,2
DA:164,2
DA:167,2
DA:168,2
DA:169,2
DA:170,1
DA:177,1
DA:178,2
DA:181,1
DA:183,1
DA:184,1
DA:185,2
DA:186,1
DA:189,1
DA:190,1
DA:191,0
DA:194,2
DA:195,1
DA:196,1
DA:200,2
DA:201,1
DA:204,1
DA:205,1
DA:206,1
DA:208,2
DA:209,2
DA:210,2
DA:212,0
DA:213,0
DA:215,0
DA:216,0
DA:219,1
DA:220,1
DA:221,1
DA:227,1
DA:228,1
DA:229,1
DA:230,1
DA:231,1
DA:232,1
DA:235,1
DA:237,2
DA:240,1
DA:242,3
DA:243,1
DA:246,0
DA:248,0
DA:249,0
DA:252,0
DA:254,0
DA:255,0
DA:258,1
DA:261,6
DA:262,1
DA:265,1
DA:267,6
DA:270,1
DA:272,3
DA:273,1
DA:276,1
DA:278,1
DA:279,4
DA:280,2
DA:281,2
DA:282,1
DA:283,1
DA:284,1
DA:285,1
DA:287,2
DA:288,2
DA:289,3
DA:291,2
DA:292,2
DA:293,3
DA:296,1
DA:297,1
DA:298,1
DA:299,1
DA:304,1
DA:307,5
DA:311,1
DA:313,1
DA:314,4
DA:315,3
DA:316,0
DA:318,2
DA:319,2
DA:320,1
DA:321,1
DA:322,1
DA:323,1
DA:325,2
DA:326,2
DA:327,3
DA:329,2
DA:330,2
DA:331,3
DA:334,1
DA:335,1
DA:336,1
DA:337,1
DA:340,5
DA:342,1
DA:346,5
DA:350,1
DA:352,1
DA:353,4
DA:354,3
DA:355,0
DA:357,2
DA:358,2
DA:359,1
DA:360,1
DA:361,1
DA:362,1
DA:364,2
DA:365,2
DA:366,3
DA:368,2
DA:369,2
DA:370,3
DA:373,1
DA:374,1
DA:375,1
DA:376,1
DA:379,5
DA:381,1
DA:385,1
DA:389,1
DA:391,1
DA:392,4
DA:393,3
DA:394,0
DA:396,2
DA:397,2
DA:398,1
DA:399,1
DA:400,1
DA:401,1
DA:403,2
DA:404,2
DA:405,3
DA:407,2
DA:408,2
DA:409,3
DA:412,1
DA:413,1
DA:414,1
DA:415,1
DA:419,1
DA:423,5
DA:427,1
DA:428,2
DA:430,0
DA:431,0
DA:432,0
DA:433,0
DA:439,3
LF:241
LH:223
end_of_record
SF:lib\data\entities\timebuckets\buckets.dart
DA:20,1
DA:25,2
DA:26,2
DA:29,1
DA:30,6
DA:31,1
DA:32,6
DA:33,1
DA:34,3
DA:35,4
DA:38,1
DA:39,3
DA:40,4
DA:43,1
DA:44,5
DA:45,3
DA:48,4
DA:49,0
DA:52,3
DA:68,1
DA:73,2
DA:74,2
DA:77,1
DA:78,6
DA:79,1
DA:80,6
DA:81,1
DA:82,3
DA:83,4
DA:86,1
DA:87,3
DA:88,4
DA:91,1
DA:92,5
DA:93,3
DA:96,4
DA:97,0
DA:100,3
DA:118,1
DA:123,2
DA:124,2
DA:127,1
DA:128,6
DA:129,1
DA:130,6
DA:131,1
DA:132,3
DA:133,4
DA:136,1
DA:137,3
DA:138,4
DA:141,1
DA:142,5
DA:143,3
DA:146,4
DA:147,0
DA:150,3
DA:166,1
DA:171,2
DA:172,2
DA:175,1
DA:176,6
DA:177,1
DA:178,6
DA:179,1
DA:180,3
DA:181,4
DA:184,1
DA:185,3
DA:186,4
DA:189,1
DA:190,5
DA:191,3
DA:194,4
DA:195,0
DA:198,3
LF:76
LH:72
end_of_record
SF:lib\core\inodes\json_decider.dart
DA:5,3
DA:11,3
DA:14,0
DA:16,1
DA:17,1
DA:23,2
DA:29,1
DA:35,1
DA:37,1
DA:38,1
DA:42,1
DA:43,4
DA:46,1
DA:51,1
DA:52,1
DA:57,0
DA:63,0
DA:65,0
DA:68,0
DA:71,0
DA:81,1
DA:82,1
DA:85,1
LF:23
LH:17
end_of_record
SF:lib\core\inodes\media_documents.dart
DA:18,1
DA:38,1
DA:59,0
DA:82,1
LF:4
LH:3
end_of_record
SF:lib\core\inodes\media_repo.dart
DA:12,3
DA:13,12
DA:14,12
DA:15,12
DA:16,12
DA:19,0
DA:20,0
DA:21,0
DA:23,0
DA:24,0
DA:25,0
DA:27,0
DA:28,0
DA:30,0
DA:31,0
DA:34,0
DA:35,0
DA:36,0
LF:18
LH:5
end_of_record
SF:lib\core\inodes\profile_repo.dart
DA:12,3
DA:13,12
DA:16,0
DA:17,0
DA:18,0
DA:24,0
LF:6
LH:2
end_of_record
SF:lib\core\inodes\service_repo.dart
DA:9,3
DA:10,12
DA:13,0
DA:15,0
DA:16,0
DA:17,0
DA:18,0
DA:21,0
DA:23,0
LF:9
LH:2
end_of_record
SF:lib\core\parsers\parse_helper.dart
DA:19,0
DA:20,0
DA:21,0
DA:22,0
DA:25,0
DA:26,0
DA:27,0
DA:28,0
DA:29,0
DA:30,0
DA:32,0
DA:33,0
DA:34,0
DA:35,0
DA:36,0
DA:37,0
DA:38,0
DA:39,0
DA:40,0
DA:41,0
DA:47,0
DA:48,0
DA:49,0
DA:50,0
DA:51,0
DA:55,0
DA:57,0
DA:58,0
DA:59,0
DA:60,0
DA:61,0
DA:62,0
DA:63,0
DA:64,0
DA:65,0
DA:73,0
DA:74,0
DA:75,0
DA:77,0
DA:78,0
DA:79,0
DA:82,0
DA:85,0
DA:86,0
DA:87,0
DA:93,0
DA:95,0
DA:96,0
DA:97,0
DA:98,0
DA:101,0
DA:102,0
DA:104,0
DA:105,0
DA:106,0
DA:107,0
DA:108,0
DA:109,0
DA:114,0
DA:119,0
DA:121,0
DA:124,0
DA:126,0
DA:127,0
DA:128,0
DA:129,0
DA:130,0
DA:131,0
DA:132,0
DA:133,0
DA:134,0
DA:136,0
DA:140,0
DA:141,0
DA:143,0
DA:144,0
DA:145,0
DA:146,0
DA:147,0
DA:148,0
DA:149,0
DA:151,0
DA:155,0
DA:162,0
DA:164,0
DA:166,0
DA:169,0
DA:171,0
DA:172,0
DA:180,0
DA:181,0
DA:182,0
DA:183,0
DA:187,0
DA:188,0
DA:189,0
DA:194,0
DA:196,0
DA:197,0
DA:198,0
DA:202,0
DA:203,0
DA:207,0
DA:208,0
DA:213,0
DA:214,0
DA:215,0
DA:223,0
DA:226,0
DA:228,0
DA:230,0
DA:231,0
DA:232,0
DA:233,0
DA:234,0
DA:236,0
DA:243,0
DA:245,0
DA:246,0
DA:248,0
DA:253,0
DA:256,0
DA:261,0
DA:263,0
DA:265,0
DA:267,0
LF:126
LH:0
end_of_record
SF:lib\core\inodes\util_repo.dart
DA:9,3
DA:11,0
DA:14,0
DA:15,0
DA:16,0
DA:17,0
DA:18,0
DA:19,0
DA:20,0
DA:25,0
DA:26,0
DA:28,0
DA:29,0
DA:31,0
DA:32,0
DA:34,0
DA:35,0
DA:37,0
DA:38,0
DA:41,0
DA:42,0
DA:43,0
DA:44,0
DA:46,0
DA:49,0
DA:50,0
DA:52,0
DA:53,0
DA:55,0
DA:56,0
DA:58,0
DA:59,0
DA:61,0
DA:62,0
DA:64,0
DA:65,0
DA:67,0
DA:68,0
DA:70,0
DA:71,0
LF:40
LH:1
end_of_record
SF:lib\core\models\base_model.dart
DA:9,0
DA:11,0
DA:13,0
DA:14,0
LF:4
LH:0
end_of_record
SF:lib\core\models\content\comment_model.dart
DA:24,0
DA:34,0
DA:38,0
DA:39,0
DA:40,0
DA:41,0
DA:42,0
DA:43,0
DA:44,0
DA:45,0
DA:47,0
DA:49,0
DA:50,0
DA:51,0
DA:52,0
DA:53,0
DA:54,0
DA:57,0
DA:58,0
DA:59,0
DA:62,0
DA:63,0
DA:64,0
DA:65,0
DA:66,0
DA:67,0
DA:70,0
DA:73,0
DA:74,0
DA:75,0
DA:76,0
DA:77,0
DA:80,0
DA:83,0
DA:88,0
DA:89,0
DA:90,0
DA:91,0
DA:92,0
DA:93,0
DA:96,0
DA:97,0
DA:98,0
DA:105,0
DA:107,0
DA:110,0
DA:115,0
DA:117,0
DA:120,0
DA:122,0
LF:50
LH:0
end_of_record
SF:lib\core\models\content\event_model.dart
DA:18,0
DA:30,0
DA:32,0
DA:33,0
DA:34,0
DA:35,0
DA:36,0
DA:37,0
DA:40,0
DA:42,0
DA:43,0
DA:45,0
DA:47,0
DA:50,0
DA:53,0
DA:56,0
DA:59,0
DA:62,0
DA:66,3
LF:19
LH:1
end_of_record
SF:lib\core\models\media\media_model.dart
DA:12,0
DA:20,0
DA:22,0
DA:23,0
DA:24,0
DA:28,0
DA:30,0
LF:7
LH:0
end_of_record
SF:lib\core\models\misc\person_model.dart
DA:10,0
DA:16,0
DA:18,0
DA:21,0
DA:24,0
DA:27,0
DA:30,0
DA:33,0
LF:8
LH:0
end_of_record
SF:lib\core\models\model_helper.dart
DA:10,0
DA:11,0
DA:14,0
DA:20,0
DA:21,0
DA:22,0
DA:24,0
DA:25,0
DA:28,0
DA:29,0
DA:30,0
DA:33,0
DA:34,0
LF:13
LH:0
end_of_record
SF:lib\core\models\content\group_model.dart
DA:12,0
DA:20,0
DA:22,0
DA:23,0
DA:24,0
DA:25,0
DA:28,0
DA:30,0
DA:32,0
DA:35,0
DA:38,0
DA:41,0
DA:44,0
DA:47,0
DA:50,0
LF:15
LH:0
end_of_record
SF:lib\core\models\misc\place_model.dart
DA:13,0
DA:21,0
DA:23,0
DA:24,0
DA:25,0
DA:26,0
DA:28,0
DA:29,0
DA:31,0
DA:33,0
DA:36,0
DA:39,0
DA:42,0
DA:45,0
DA:48,0
LF:15
LH:0
end_of_record
SF:lib\core\models\content\message_model.dart
DA:20,0
DA:22,0
DA:25,0
DA:28,0
DA:31,0
DA:34,0
DA:37,0
LF:7
LH:0
end_of_record
SF:lib\core\models\misc\reaction_model.dart
DA:10,0
DA:11,0
DA:13,0
DA:16,0
DA:19,0
DA:22,0
DA:25,0
DA:28,0
LF:8
LH:0
end_of_record
SF:lib\core\models\content\message_thread_model.dart
DA:17,0
DA:19,0
DA:22,0
DA:25,0
DA:28,0
DA:31,0
DA:34,0
DA:38,3
LF:8
LH:1
end_of_record
SF:lib\core\models\content\page_model.dart
DA:13,0
DA:20,0
DA:22,0
DA:25,0
DA:28,0
DA:31,0
DA:34,0
DA:37,0
LF:8
LH:0
end_of_record
SF:lib\core\models\content\post_model.dart
DA:16,0
DA:28,0
DA:30,0
DA:31,0
DA:32,0
DA:37,0
DA:41,0
DA:42,0
DA:45,0
DA:46,0
DA:47,0
DA:48,0
DA:52,0
DA:53,0
DA:54,0
DA:55,0
DA:61,0
DA:62,0
DA:63,0
DA:64,0
DA:65,0
DA:67,0
DA:68,0
DA:74,0
DA:75,0
DA:76,0
DA:77,0
DA:78,0
DA:80,0
DA:83,0
DA:84,0
DA:85,0
DA:86,0
DA:88,0
DA:89,0
DA:90,0
DA:92,0
DA:95,0
DA:96,0
DA:99,0
DA:101,0
DA:102,0
DA:105,0
DA:110,0
DA:112,0
DA:115,0
DA:117,0
DA:119,0
DA:120,0
DA:121,0
DA:123,0
DA:124,0
DA:126,0
DA:127,0
DA:129,0
DA:130,0
DA:132,0
DA:133,0
DA:135,0
DA:136,0
DA:138,0
DA:139,0
DA:141,0
DA:142,0
DA:144,0
DA:145,0
DA:148,0
DA:152,0
DA:154,0
DA:157,0
DA:159,0
DA:162,0
LF:72
LH:0
end_of_record
SF:lib\core\models\misc\activity_model.dart
DA:6,0
LF:1
LH:0
end_of_record
SF:lib\core\models\misc\appsettings_model.dart
DA:5,1
LF:1
LH:1
end_of_record
SF:lib\core\models\misc\change_model.dart
DA:9,0
LF:1
LH:0
end_of_record
SF:lib\core\models\misc\coordinate_model.dart
DA:6,0
DA:12,0
DA:14,0
DA:15,0
LF:4
LH:0
end_of_record
SF:lib\core\models\misc\email_model.dart
DA:7,0
DA:14,0
DA:16,0
DA:18,0
LF:4
LH:0
end_of_record
SF:lib\core\models\misc\tag_model.dart
DA:5,0
LF:1
LH:0
end_of_record
SF:lib\core\models\media\file_model.dart
DA:10,0
DA:18,0
DA:20,0
DA:21,0
DA:22,0
DA:26,0
DA:27,0
DA:28,0
DA:31,0
DA:34,0
DA:37,0
DA:40,0
DA:43,0
DA:46,0
LF:14
LH:0
end_of_record
SF:lib\core\models\media\link_model.dart
DA:10,0
DA:18,0
DA:20,0
DA:21,0
DA:25,0
DA:26,0
DA:27,0
DA:28,0
DA:29,0
DA:30,0
DA:31,0
DA:32,0
DA:33,0
DA:36,0
DA:39,0
DA:42,0
DA:45,0
DA:48,0
DA:51,0
LF:19
LH:0
end_of_record
SF:lib\core\models\media\video_model.dart
DA:12,0
DA:22,0
DA:24,0
DA:25,0
DA:27,0
DA:28,0
DA:29,0
DA:30,0
DA:31,0
DA:35,0
DA:36,0
DA:37,0
DA:40,0
DA:43,0
DA:46,0
DA:49,0
DA:52,0
DA:55,0
LF:18
LH:0
end_of_record
SF:lib\core\models\profile\follow_model.dart
DA:13,0
DA:15,0
DA:17,0
DA:20,0
DA:23,0
DA:26,0
DA:29,0
DA:32,0
DA:36,3
LF:9
LH:1
end_of_record
SF:lib\core\models\profile\friend_model.dart
DA:12,0
DA:14,0
DA:16,0
DA:19,0
DA:22,0
DA:25,0
DA:28,0
DA:31,0
DA:35,3
LF:9
LH:1
end_of_record
SF:lib\data\entities\misc\appsettings_objectbox.dart
DA:9,3
DA:11,0
DA:12,0
LF:3
LH:1
end_of_record
SF:lib\data\entities\misc\email_objectbox.dart
DA:12,0
LF:1
LH:0
end_of_record
SF:lib\data\entities\misc\reaction_objectbox.dart
DA:9,0
LF:1
LH:0
end_of_record
SF:lib\data\entities\misc\service_objectbox.dart
DA:13,0
LF:1
LH:0
end_of_record
SF:lib\data\repositories\appsettings_repo.dart
DA:12,3
DA:13,3
DA:14,12
DA:17,1
DA:19,2
DA:20,3
DA:24,1
DA:25,2
DA:26,2
DA:28,3
DA:30,1
DA:31,0
DA:37,0
DA:38,0
DA:39,0
LF:15
LH:11
end_of_record
SF:lib\domain\services\appsettings_service.dart
DA:11,0
DA:13,0
DA:14,0
DA:18,0
DA:19,0
DA:26,0
LF:6
LH:0
end_of_record
SF:lib\domain\services\collections_service.dart
DA:14,3
DA:16,0
DA:18,0
DA:21,0
DA:23,0
DA:26,0
DA:28,0
LF:7
LH:1
end_of_record
SF:lib\domain\services\ml_service.dart
DA:16,0
DA:19,0
DA:22,0
DA:25,0
DA:28,0
DA:31,0
DA:32,0
DA:35,0
DA:40,0
DA:42,0
DA:43,0
DA:44,0
DA:45,0
DA:46,0
DA:49,0
DA:50,0
DA:51,0
DA:55,0
DA:57,0
DA:64,0
DA:67,0
DA:70,0
DA:73,0
DA:76,0
DA:79,0
LF:25
LH:0
end_of_record
SF:lib\domain\services\timeline_service.dart
DA:7,3
DA:9,0
DA:11,0
DA:14,0
DA:16,0
DA:19,0
DA:21,0
DA:24,0
DA:26,0
LF:9
LH:1
end_of_record
