SF:lib\db\drift_config.dart
DA:13,0
DA:15,0
DA:16,0
DA:17,0
DA:18,0
DA:34,0
DA:35,4
DA:42,1
LF:8
LH:2
end_of_record
SF:lib\db\drift_config.g.dart
DA:15,1
DA:20,1
DA:22,1
DA:24,3
DA:26,3
DA:28,3
DA:30,3
DA:33,0
DA:35,0
DA:36,0
DA:37,0
DA:38,0
DA:39,0
DA:40,0
DA:45,0
DA:46,0
DA:47,0
DA:48,0
DA:49,0
DA:50,0
DA:52,0
DA:56,0
DA:58,0
DA:59,0
DA:60,0
DA:61,0
DA:62,0
DA:63,0
DA:66,0
DA:68,0
DA:69,0
DA:70,0
DA:71,0
DA:72,0
DA:73,0
DA:77,0
DA:78,0
DA:79,0
DA:80,0
DA:81,0
DA:82,0
DA:84,0
DA:86,0
DA:87,0
DA:88,0
DA:89,0
DA:90,0
DA:91,0
DA:92,0
DA:95,0
DA:96,0
DA:97,0
DA:100,0
DA:101,0
DA:102,0
DA:103,0
DA:104,0
DA:112,1
DA:118,0
DA:123,0
DA:124,0
DA:125,0
DA:131,0
DA:132,0
DA:133,0
DA:134,0
DA:135,0
DA:139,0
DA:144,0
DA:145,0
DA:146,0
DA:147,0
DA:148,0
DA:152,1
DA:154,1
DA:155,2
DA:156,0
DA:158,2
DA:159,4
DA:161,2
DA:162,4
DA:164,2
DA:165,0
DA:170,0
DA:172,0
DA:173,0
DA:174,0
DA:175,0
DA:176,0
DA:177,0
DA:178,0
DA:185,1
DA:187,2
DA:188,1
DA:193,2
DA:194,1
DA:196,1
DA:200,2
DA:201,1
DA:204,2
DA:205,1
DA:207,1
DA:208,5
DA:209,1
DA:210,1
DA:211,1
DA:213,1
DA:216,1
DA:217,1
DA:218,1
DA:219,0
DA:221,1
DA:222,1
DA:223,5
DA:225,0
DA:227,1
DA:228,2
DA:229,4
DA:231,0
DA:233,1
DA:234,0
DA:235,0
DA:240,1
DA:241,1
DA:242,1
DA:244,1
DA:245,0
DA:248,0
DA:250,0
DA:257,0
DA:258,0
DA:260,0
DA:262,0
DA:264,0
DA:267,0
DA:269,0
DA:270,0
DA:271,0
DA:275,0
DA:276,0
DA:277,0
DA:278,0
DA:282,0
DA:284,0
DA:285,0
DA:286,0
DA:287,0
DA:290,0
DA:292,0
DA:293,0
DA:294,0
DA:295,0
DA:299,0
DA:300,0
DA:301,0
DA:303,0
DA:305,0
DA:306,0
DA:307,0
DA:308,0
DA:309,0
DA:312,0
DA:313,0
DA:314,0
DA:317,0
DA:318,0
DA:319,0
DA:325,0
DA:329,0
DA:332,0
DA:333,0
DA:337,0
DA:338,0
DA:339,0
DA:343,0
DA:344,0
DA:345,0
DA:346,0
DA:350,0
DA:352,0
DA:353,0
DA:354,0
DA:356,0
DA:357,0
DA:362,0
DA:364,0
DA:365,0
DA:366,0
DA:367,0
DA:368,0
DA:376,1
DA:378,2
DA:379,1
DA:385,2
DA:386,1
DA:388,1
DA:389,3
DA:390,1
DA:391,1
DA:392,0
DA:394,0
DA:397,0
DA:398,0
DA:399,0
DA:400,0
DA:402,0
DA:403,0
DA:404,0
DA:405,0
DA:406,0
DA:408,0
DA:413,1
DA:414,1
DA:415,0
DA:417,0
DA:418,0
DA:421,0
DA:423,0
DA:428,4
DA:429,2
DA:430,2
DA:431,2
DA:432,0
DA:433,0
DA:434,1
DA:435,3
LF:226
LH:63
end_of_record
SF:lib\services\startup.dart
DA:11,6
DA:13,2
DA:16,4
DA:17,0
DA:19,6
DA:22,4
DA:26,8
DA:27,0
DA:30,4
DA:33,6
LF:10
LH:8
end_of_record
SF:lib\db\DAOs\todos_dao.dart
DA:9,2
DA:11,0
DA:14,0
DA:16,0
DA:17,0
DA:21,1
DA:22,3
DA:25,0
DA:26,0
DA:29,1
DA:30,7
LF:11
LH:5
end_of_record
SF:lib\db\DAOs\todos_dao.g.dart
DA:10,3
LF:1
LH:1
end_of_record
SF:lib\models\tables\todo_table.dart
DA:4,0
DA:5,0
DA:6,0
DA:7,0
LF:4
LH:0
end_of_record
SF:lib\models\tables\category_table.dart
DA:5,0
DA:6,0
LF:2
LH:0
end_of_record
SF:lib\services\settings_service.dart
DA:9,2
DA:10,2
DA:13,3
DA:15,3
DA:17,0
DA:18,0
DA:20,3
DA:22,0
DA:24,3
DA:26,2
DA:27,4
DA:28,0
DA:29,0
LF:13
LH:8
end_of_record
SF:lib\services\sqlite_service.dart
DA:7,2
DA:8,6
DA:11,1
DA:12,4
DA:14,3
DA:15,2
LF:6
LH:6
end_of_record
SF:lib\screens\temp\file_sorting.dart
DA:3,0
DA:4,0
DA:7,0
DA:8,0
DA:9,0
DA:11,0
DA:14,1
DA:15,1
DA:25,3
DA:27,1
DA:28,2
DA:29,1
DA:30,3
DA:31,2
DA:32,2
DA:34,2
LF:16
LH:10
end_of_record
